<?xml version="1.0" encoding="UTF-8"?>
<testsuite xmlns:xsi="http://www.w3.org/2001/XMLSchema-instance" xsi:noNamespaceSchemaLocation="https://maven.apache.org/surefire/maven-surefire-plugin/xsd/surefire-test-report-3.0.xsd" version="3.0" name="com.springboot.orderservice.OrderServiceApplicationTests" time="2.214" tests="1" errors="0" skipped="0" failures="0">
  <properties>
[...]
</properties>
  <testcase name="contextLoads" classname="com.springboot.orderservice.OrderServiceApplicationTests" time="0.284">
    <system-out><![CDATA[16:54:01.121 [main] INFO org.springframework.test.context.support.AnnotationConfigContextLoaderUtils -- Could not detect default configuration classes for test class [com.springboot.orderservice.OrderServiceApplicationTests]: OrderServiceApplicationTests does not declare any static, non-private, non-final, nested classes annotated with @Configuration.
16:54:01.161 [main] INFO org.springframework.boot.test.context.SpringBootTestContextBootstrapper -- Found @SpringBootConfiguration com.springboot.orderservice.OrderServiceApplication for test class com.springboot.orderservice.OrderServiceApplicationTests
  .   ____          _            __ _ _
 /\\ / ___'_ __ _ _(_)_ __  __ _ \ \ \ \
( ( )\___ | '_ | '_| | '_ \/ _` | \ \ \ \
 \\/  ___)| |_)| | | | | || (_| |  ) ) ) )
  '  |____| .__|_| |_|_| |_\__, | / / / /
 =========|_|==============|___/=/_/_/_/

 :: Spring Boot ::       (v3.3.0-SNAPSHOT)

2024-03-07T16:54:01.310-06:00  INFO 20773 --- [           main] c.s.o.OrderServiceApplicationTests       : Starting OrderServiceApplicationTests using Java 20.0.2 with PID 20773 (started by sriharsha in /Users/sriharsha/IdeaProjects/microservies-parent/order-service)
2024-03-07T16:54:01.311-06:00  INFO 20773 --- [           main] c.s.o.OrderServiceApplicationTests       : No active profile set, falling back to 1 default profile: "default"
2024-03-07T16:54:01.564-06:00  INFO 20773 --- [           main] .s.d.r.c.RepositoryConfigurationDelegate : Bootstrapping Spring Data JPA repositories in DEFAULT mode.
2024-03-07T16:54:01.584-06:00  INFO 20773 --- [           main] .s.d.r.c.RepositoryConfigurationDelegate : Finished Spring Data repository scanning in 17 ms. Found 1 JPA repository interface.
2024-03-07T16:54:01.763-06:00  INFO 20773 --- [           main] o.hibernate.jpa.internal.util.LogHelper  : HHH000204: Processing PersistenceUnitInfo [name: default]
2024-03-07T16:54:01.791-06:00  INFO 20773 --- [           main] org.hibernate.Version                    : HHH000412: Hibernate ORM core version 6.4.4.Final
2024-03-07T16:54:01.805-06:00  INFO 20773 --- [           main] o.h.c.internal.RegionFactoryInitiator    : HHH000026: Second-level cache disabled
2024-03-07T16:54:01.907-06:00  INFO 20773 --- [           main] o.s.o.j.p.SpringPersistenceUnitInfo      : No LoadTimeWeaver setup: ignoring JPA class transformer
2024-03-07T16:54:01.919-06:00  INFO 20773 --- [           main] com.zaxxer.hikari.HikariDataSource       : HikariPool-1 - Starting...
2024-03-07T16:54:02.186-06:00  INFO 20773 --- [           main] com.zaxxer.hikari.pool.HikariPool        : HikariPool-1 - Added connection com.mysql.cj.jdbc.ConnectionImpl@5e0f2c82
2024-03-07T16:54:02.187-06:00  INFO 20773 --- [           main] com.zaxxer.hikari.HikariDataSource       : HikariPool-1 - Start completed.
2024-03-07T16:54:02.231-06:00  WARN 20773 --- [           main] org.hibernate.orm.deprecation            : HHH90000025: MySQLDialect does not need to be specified explicitly using 'hibernate.dialect' (remove the property setting and it will be selected by default)
2024-03-07T16:54:02.583-06:00  INFO 20773 --- [           main] o.h.e.t.j.p.i.JtaPlatformInitiator       : HHH000489: No JTA platform available (set 'hibernate.transaction.jta.platform' to enable JTA platform integration)
2024-03-07T16:54:02.656-06:00  INFO 20773 --- [           main] j.LocalContainerEntityManagerFactoryBean : Initialized JPA EntityManagerFactory for persistence unit 'default'
2024-03-07T16:54:02.825-06:00  WARN 20773 --- [           main] JpaBaseConfiguration$JpaWebConfiguration : spring.jpa.open-in-view is enabled by default. Therefore, database queries may be performed during view rendering. Explicitly configure spring.jpa.open-in-view to disable this warning
2024-03-07T16:54:02.966-06:00  INFO 20773 --- [           main] c.s.o.OrderServiceApplicationTests       : Started OrderServiceApplicationTests in 1.751 seconds (process running for 2.121)
]]></system-out>
  </testcase>
</testsuite>